<?xml version="1.0" encoding="UTF-8"?>
<testsuite name="Test" tests="1" skipped="0" failures="0" errors="0" timestamp="2023-06-08T02:50:41" hostname="ANONEUTRAL" time="0.006">
  <properties/>
  <testcase name="testSolution" classname="Test" time="0.006"/>
  <system-out><![CDATA[]]></system-out>
  <system-err><![CDATA[]]></system-err>
</testsuite>
