<?xml version="1.0" encoding="UTF-8"?>
<testsuite name="TestNamedArguments" tests="1" skipped="0" failures="0" errors="0" timestamp="2023-06-08T02:40:59" hostname="ANONEUTRAL" time="0.028">
  <properties/>
  <testcase name="testJoinToString" classname="TestNamedArguments" time="0.028"/>
  <system-out><![CDATA[]]></system-out>
  <system-err><![CDATA[]]></system-err>
</testsuite>
