<?xml version="1.0" encoding="UTF-8"?>
<testsuite name="TestDataClasses" tests="2" skipped="0" failures="0" errors="0" timestamp="2023-06-08T03:22:13" hostname="ANONEUTRAL" time="0.023">
  <properties/>
  <testcase name="testComparePeople" classname="TestDataClasses" time="0.009"/>
  <testcase name="testListOfPeople" classname="TestDataClasses" time="0.014"/>
  <system-out><![CDATA[]]></system-out>
  <system-err><![CDATA[]]></system-err>
</testsuite>
